[2024-04-04 14:06:35,381] multiqc                                            [DEBUG  ]  This is MultiQC v1.21
[2024-04-04 14:06:35,385] multiqc                                            [DEBUG  ]  Command used: /home/cab565/.local/bin/multiqc .
[2024-04-04 14:06:35,811] multiqc                                            [DEBUG  ]  Latest MultiQC version is v1.21, released 2024-02-28
[2024-04-04 14:06:35,811] multiqc                                            [DEBUG  ]  Working dir : /local/workdir/cab565/git_repos/Bikrim/data/01_DADA2/01_raw_gzipped_fastqs
[2024-04-04 14:06:35,811] multiqc                                            [DEBUG  ]  Template    : default
[2024-04-04 14:06:35,811] multiqc                                            [DEBUG  ]  Running Python 3.9.10 (main, Feb  9 2022, 00:00:00)  [GCC 11.2.1 20220127 (Red Hat 11.2.1-9)]
[2024-04-04 14:06:35,811] multiqc                                            [DEBUG  ]  Analysing modules: custom_content, ccs, ngsderive, purple, conpair, isoseq, lima, peddy, somalier, methylqa, mosdepth, phantompeakqualtools, qualimap, bamdst, preseq, hifiasm, quast, qorts, rna_seqc, rockhopper, rsem, rseqc, busco, bustools, goleft_indexcov, gffcompare, disambiguate, supernova, deeptools, sargasso, verifybamid, mirtrace, happy, mirtop, sambamba, gopeaks, homer, hops, macs2, theta2, snpeff, gatk, htseq, bcftools, featureCounts, fgbio, dragen, dragen_fastqc, dedup, pbmarkdup, damageprofiler, mapdamage, biobambam2, jcvi, mtnucratio, picard, vep, bakta, prokka, qc3C, nanostat, samblaster, samtools, sexdeterrmine, seqera_cli, eigenstratdatabasetools, bamtools, jellyfish, vcftools, longranger, stacks, varscan2, snippy, umitools, truvari, megahit, bbmap, bismark, biscuit, diamond, hicexplorer, hicup, hicpro, salmon, kallisto, slamdunk, star, hisat2, tophat, bowtie2, bowtie1, cellranger, snpsplit, odgi, pangolin, nextclade, freyja, humid, kat, leehom, librarian, nonpareil, adapterRemoval, bbduk, clipandmerge, cutadapt, flexbar, sourmash, kaiju, bracken, kraken, malt, motus, trimmomatic, sickle, skewer, sortmerna, biobloomtools, fastq_screen, afterqc, fastp, fastqc, filtlong, prinseqplusplus, pychopper, porechop, pycoqc, minionqc, anglerfish, multivcfanalyzer, clusterflow, checkqc, bcl2fastq, bclconvert, interop, ivar, flash, seqyclean, optitype, whatshap, spaceranger, xenome, xengsort, metaphlan, seqwho
[2024-04-04 14:06:35,811] multiqc                                            [DEBUG  ]  Using temporary directory for creating report: /tmp/tmpn2fun2ti
[2024-04-04 14:06:35,823] multiqc                                            [INFO   ]  Search path : /local/workdir/cab565/git_repos/Bikrim/data/01_DADA2/01_raw_gzipped_fastqs
[2024-04-04 14:06:37,544] multiqc                                            [DEBUG  ]  Summary of files that were skipped by the search: [skipped_module_specific_max_filesize: 1123] // [skipped_no_match: 164] // [skipped_ignore_pattern: 82]
[2024-04-04 14:06:37,625] multiqc                                            [DEBUG  ]  No samples found: custom_content
[2024-04-04 14:06:38,309] multiqc.modules.fastqc.fastqc                      [INFO   ]  Found 82 reports
[2024-04-04 14:06:38,311] multiqc.utils.util_functions                       [DEBUG  ]  Wrote data file multiqc_fastqc.txt
[2024-04-04 14:06:38,916] multiqc.plots.plotly.heatmap                       [DEBUG  ]  Resizing from 495x902 to fit the maximum size 900x500
[2024-04-04 14:06:38,916] multiqc.plots.plotly.heatmap                       [DEBUG  ]  Heatmap size: 900x500, px per element: 81.82x6.10
[2024-04-04 14:06:38,939] multiqc.utils.software_versions                    [DEBUG  ]  Reading software versions from config.software_versions
[2024-04-04 14:06:38,941] multiqc.utils.util_functions                       [DEBUG  ]  Wrote data file multiqc_software_versions.txt
[2024-04-04 14:06:39,027] multiqc.utils.util_functions                       [DEBUG  ]  Wrote data file multiqc_general_stats.txt
[2024-04-04 14:06:39,027] multiqc                                            [DEBUG  ]  Compressing plot data
[2024-04-04 14:06:40,060] multiqc.utils.util_functions                       [DEBUG  ]  Wrote data file multiqc_data.json
[2024-04-04 14:06:40,060] multiqc                                            [INFO   ]  Report      : multiqc_report.html
[2024-04-04 14:06:40,060] multiqc                                            [INFO   ]  Data        : multiqc_data
[2024-04-04 14:06:40,060] multiqc                                            [DEBUG  ]  Moving data file from '/tmp/tmpn2fun2ti/multiqc_data' to '/local/workdir/cab565/git_repos/Bikrim/data/01_DADA2/01_raw_gzipped_fastqs/multiqc_data'
[2024-04-04 14:06:40,064] multiqc                                            [DEBUG  ]  Full report path: /local/workdir/cab565/git_repos/Bikrim/data/01_DADA2/01_raw_gzipped_fastqs/multiqc_report.html
[2024-04-04 14:06:40,277] multiqc                                            [INFO   ]  MultiQC complete
